This mapping 'snapshot_nodoc_20171003' was designed for MC 1.12! Use at your own peril.This mapping 'snapshot_nodoc_20171003' was designed for MC 1.12! Use at your own peril.

Version string '1.12.2-[:]' does not match SemVer specification 
You should try SemVer : http://semver.org/
:deobfCompileDummyTask
:extractMcpMappings SKIPPED
:deobfProvidedDeobfDepTask0 SKIPPED
:deobfProvidedRemapDepSourcesTask1 SKIPPED
:deobfProvidedDummyTask
:eclipseClasspath
Download http://dvs1.progwml6.com/files/maven/mezz/jei/jei_1.12.2/4.8.4.131/jei_1.12.2-4.8.4.131.jar
:eclipseJdt
:eclipseProject
:getVersionJson
:extractNatives SKIPPED
:extractUserdev UP-TO-DATE
:getAssetIndex UP-TO-DATE
:getAssets
Current status: 314/1281   24%
Current status: 755/1281   58%
Current status: 1262/1281   98%
:makeStart
:makeEclipseCleanRunClient
:makeEclipseCleanRunServer
:eclipse

BUILD SUCCESSFUL

Total time: 32.768 secs
